Using pre-set license

 COMMAND LINE ARGUMENTS:
/Applications/Unity/Hub/Editor/2020.2.3f1/Unity.app/Contents/MacOS/Unity
-adb2
-batchMode
-noUpm
-name
AssetImportWorker0
-projectPath
/Users/faithshields/Desktop/Games & Software/Unity Projects/Game Dev II/RollABall
-logFile
Logs/AssetImportWorker0.log
-srvPort
63616
Successfully changed project path to: /Users/faithshields/Desktop/Games & Software/Unity Projects/Game Dev II/RollABall
/Users/faithshields/Desktop/Games & Software/Unity Projects/Game Dev II/RollABall
Using Asset Import Pipeline V2.
Refreshing native plugins compatible for Editor in 81.79 ms, found 1 plugins.
Preloading 0 native plugins for Editor in 0.00 ms.
Initialize engine version: 2020.2.3f1 (8ff31bc5bf5b)
[Subsystems] Discovering subsystems at path /Applications/Unity/Hub/Editor/2020.2.3f1/Unity.app/Contents/Resources/UnitySubsystems
[Subsystems] Discovering subsystems at path /Users/faithshields/Desktop/Games & Software/Unity Projects/Game Dev II/RollABall/Assets
GfxDevice: creating device client; threaded=0
2021-02-06 16:02:34.180 Unity[52081:1225384] Color LCD preferred device: AMD Radeon Pro 560X (high power)
2021-02-06 16:02:34.180 Unity[52081:1225384] Metal devices available: 2
2021-02-06 16:02:34.180 Unity[52081:1225384] 0: AMD Radeon Pro 560X (high power)
2021-02-06 16:02:34.180 Unity[52081:1225384] 1: Intel(R) UHD Graphics 630 (low power)
2021-02-06 16:02:34.181 Unity[52081:1225384] Using device AMD Radeon Pro 560X (high power)
Initializing Metal device caps: AMD Radeon Pro 560X
Shader 'Universal Render Pipeline/Particles/Lit': fallback shader 'Universal Render Pipeline/Particles/SimpleLit' not found
Initialize mono
Mono path[0] = '/Applications/Unity/Hub/Editor/2020.2.3f1/Unity.app/Contents/Managed'
Mono path[1] = '/Applications/Unity/Hub/Editor/2020.2.3f1/Unity.app/Contents/MonoBleedingEdge/lib/mono/unityjit'
Mono config path = '/Applications/Unity/Hub/Editor/2020.2.3f1/Unity.app/Contents/MonoBleedingEdge/etc'
Using monoOptions --debugger-agent=transport=dt_socket,embedding=1,server=y,suspend=n,address=127.0.0.1:56081
Begin MonoManager ReloadAssembly
Registering precompiled unity dll's ...
Register platform support module: /Applications/Unity/Hub/Editor/2020.2.3f1/Unity.app/Contents/PlaybackEngines/MacStandaloneSupport/UnityEditor.OSXStandalone.Extensions.dll
Register platform support module: /Applications/Unity/Hub/Editor/2020.2.3f1/PlaybackEngines/WindowsStandaloneSupport/UnityEditor.WindowsStandalone.Extensions.dll
Registered in 0.000562 seconds.
Native extension for WindowsStandalone target not found
Native extension for OSXStandalone target not found
Refreshing native plugins compatible for Editor in 35.48 ms, found 1 plugins.
Preloading 0 native plugins for Editor in 0.00 ms.
Invoked RoslynAnalysisRunner static constructor.
RoslynAnalysisRunner will not be running.
RoslynAnalysisRunner has terminated.
Mono: successfully reloaded assembly
- Completed reload, in  2.688 seconds
Platform modules already initialized, skipping
Registering precompiled user dll's ...
Registered in 0.000620 seconds.
Begin MonoManager ReloadAssembly
Native extension for WindowsStandalone target not found
Native extension for OSXStandalone target not found
Refreshing native plugins compatible for Editor in 36.90 ms, found 1 plugins.
Preloading 0 native plugins for Editor in 0.00 ms.
Invoked RoslynAnalysisRunner static constructor.
RoslynAnalysisRunner will not be running.
RoslynAnalysisRunner has terminated.
Mono: successfully reloaded assembly
- Completed reload, in  0.920 seconds
Platform modules already initialized, skipping
========================================================================
Worker process is ready to serve import requests
Shader 'Universal Render Pipeline/Particles/Lit': fallback shader 'Universal Render Pipeline/Particles/SimpleLit' not found
Launching external process: /Applications/Unity/Hub/Editor/2020.2.3f1/Unity.app/Contents/Tools/UnityShaderCompiler
Launched and connected shader compiler UnityShaderCompiler after 0.01 seconds
Refreshing native plugins compatible for Editor in 0.40 ms, found 1 plugins.
Preloading 0 native plugins for Editor in 0.00 ms.
Unloading 2377 Unused Serialized files (Serialized files now loaded: 0)
System memory in use before: 178.9 MB.
System memory in use after: 179.1 MB.

Unloading 10 unused Assets to reduce memory usage. Loaded Objects now: 2821.
Total: 2.156556 ms (FindLiveObjects: 0.274441 ms CreateObjectMapping: 0.103127 ms MarkObjects: 1.709798 ms  DeleteObjects: 0.068474 ms)

========================================================================
Received Import Request.
  path: Assets/Readme.asset
  artifactKey: Guid(83c2ed844a8c74b779a4c823d16594b1) Importer(815301076,1909f56bfc062723c751e8b465ee728b)
Start importing Assets/Readme.asset using Guid(83c2ed844a8c74b779a4c823d16594b1) Importer(815301076,1909f56bfc062723c751e8b465ee728b)  -> (artifact id: '610813ba35a37da578916c06bab11585') in 0.383233 seconds
  Import took 0.387075 seconds .

========================================================================
Received Import Request.
  Time since last request: 0.660625 seconds.
  path: Assets/Readme.asset
  artifactKey: Guid(83c2ed844a8c74b779a4c823d16594b1) Importer(815301076,1909f56bfc062723c751e8b465ee728b)
Start importing Assets/Readme.asset using Guid(83c2ed844a8c74b779a4c823d16594b1) Importer(815301076,1909f56bfc062723c751e8b465ee728b)  -> (artifact id: '610813ba35a37da578916c06bab11585') in 0.003514 seconds
  Import took 0.007849 seconds .

========================================================================
Received Import Request.
  Time since last request: 146.591668 seconds.
  path: Assets/Template
  artifactKey: Guid(9bed6e6c772a44855a785d9436e3e2e8) Importer(815301076,1909f56bfc062723c751e8b465ee728b)
Start importing Assets/Template using Guid(9bed6e6c772a44855a785d9436e3e2e8) Importer(815301076,1909f56bfc062723c751e8b465ee728b)  -> (artifact id: 'd49ec50da6103dfea9e0cf89625c9204') in 0.001394 seconds
  Import took 0.005005 seconds .

========================================================================
Received Import Request.
  Time since last request: 0.012872 seconds.
  path: Assets/Template
  artifactKey: Guid(9bed6e6c772a44855a785d9436e3e2e8) Importer(815301076,1909f56bfc062723c751e8b465ee728b)
Start importing Assets/Template using Guid(9bed6e6c772a44855a785d9436e3e2e8) Importer(815301076,1909f56bfc062723c751e8b465ee728b)  -> (artifact id: 'd49ec50da6103dfea9e0cf89625c9204') in 0.001601 seconds
  Import took 0.005681 seconds .

========================================================================
Received Import Request.
  Time since last request: 22.238612 seconds.
  path: Assets/Settings
  artifactKey: Guid(0735c275001a2c84dafdb30deced5d8d) Importer(815301076,1909f56bfc062723c751e8b465ee728b)
Start importing Assets/Settings using Guid(0735c275001a2c84dafdb30deced5d8d) Importer(815301076,1909f56bfc062723c751e8b465ee728b)  -> (artifact id: '75dda14e973575de45d9333b95c603eb') in 0.001000 seconds
  Import took 0.005010 seconds .

========================================================================
Received Import Request.
  Time since last request: 0.715469 seconds.
  path: Assets/Scripts
  artifactKey: Guid(02a3527b6b33a924e8ec66aa805ea717) Importer(815301076,1909f56bfc062723c751e8b465ee728b)
Start importing Assets/Scripts using Guid(02a3527b6b33a924e8ec66aa805ea717) Importer(815301076,1909f56bfc062723c751e8b465ee728b)  -> (artifact id: '7b8f8a82dcb6ea9403eda1093122000a') in 0.001124 seconds
  Import took 0.004938 seconds .

========================================================================
Received Import Request.
  Time since last request: 0.520744 seconds.
  path: Assets/Scenes
  artifactKey: Guid(5bd6a8db2bb994129b2011268268975d) Importer(815301076,1909f56bfc062723c751e8b465ee728b)
Start importing Assets/Scenes using Guid(5bd6a8db2bb994129b2011268268975d) Importer(815301076,1909f56bfc062723c751e8b465ee728b)  -> (artifact id: 'e8129f8acafce2a469135f3ece47180b') in 0.001098 seconds
  Import took 0.005098 seconds .

========================================================================
Received Import Request.
  Time since last request: 0.000571 seconds.
  path: Assets/Scenes
  artifactKey: Guid(5bd6a8db2bb994129b2011268268975d) Importer(815301076,1909f56bfc062723c751e8b465ee728b)
Start importing Assets/Scenes using Guid(5bd6a8db2bb994129b2011268268975d) Importer(815301076,1909f56bfc062723c751e8b465ee728b)  -> (artifact id: 'e8129f8acafce2a469135f3ece47180b') in 0.000842 seconds
  Import took 0.004506 seconds .

========================================================================
Received Import Request.
  Time since last request: 14.361540 seconds.
  path: Assets
  artifactKey: Guid(00000000000000001000000000000000) Importer(815301076,1909f56bfc062723c751e8b465ee728b)
Start importing Assets using Guid(00000000000000001000000000000000) Importer(815301076,1909f56bfc062723c751e8b465ee728b)  -> (artifact id: '653ce283d384579a24208b2e4d727c2a') in 0.001107 seconds
  Import took 0.004770 seconds .

========================================================================
Received Import Request.
  Time since last request: 0.000651 seconds.
  path: Assets
  artifactKey: Guid(00000000000000001000000000000000) Importer(815301076,1909f56bfc062723c751e8b465ee728b)
Start importing Assets using Guid(00000000000000001000000000000000) Importer(815301076,1909f56bfc062723c751e8b465ee728b)  -> (artifact id: '653ce283d384579a24208b2e4d727c2a') in 0.000897 seconds
  Import took 0.004374 seconds .

========================================================================
Received Import Request.
  Time since last request: 0.761108 seconds.
  path: Assets/ExampleAssets
  artifactKey: Guid(990f5c2df70993f4987a388ca178996a) Importer(815301076,1909f56bfc062723c751e8b465ee728b)
Start importing Assets/ExampleAssets using Guid(990f5c2df70993f4987a388ca178996a) Importer(815301076,1909f56bfc062723c751e8b465ee728b)  -> (artifact id: '8d160c7a5c8418e750c259844bf40130') in 0.001109 seconds
  Import took 0.004882 seconds .

========================================================================
Received Prepare
Registering precompiled user dll's ...
Registered in 0.000750 seconds.
Begin MonoManager ReloadAssembly
Native extension for WindowsStandalone target not found
Native extension for OSXStandalone target not found
Refreshing native plugins compatible for Editor in 0.36 ms, found 1 plugins.
Preloading 0 native plugins for Editor in 0.00 ms.
Invoked RoslynAnalysisRunner static constructor.
RoslynAnalysisRunner will not be running.
RoslynAnalysisRunner has terminated.
Mono: successfully reloaded assembly
- Completed reload, in  1.020 seconds
Platform modules already initialized, skipping
Shader 'Universal Render Pipeline/Particles/Lit': fallback shader 'Universal Render Pipeline/Particles/SimpleLit' not found
Refreshing native plugins compatible for Editor in 0.69 ms, found 1 plugins.
Preloading 0 native plugins for Editor in 0.00 ms.
Unloading 2267 Unused Serialized files (Serialized files now loaded: 0)
System memory in use before: 177.5 MB.
System memory in use after: 177.7 MB.

Unloading 5 unused Assets to reduce memory usage. Loaded Objects now: 2823.
Total: 2.171823 ms (FindLiveObjects: 0.278344 ms CreateObjectMapping: 0.104117 ms MarkObjects: 1.771199 ms  DeleteObjects: 0.016869 ms)

========================================================================
Received Import Request.
  Time since last request: 21.235421 seconds.
  path: Assets/TutorialInfo
  artifactKey: Guid(49110bb8dcada46328ad741970bce702) Importer(815301076,1909f56bfc062723c751e8b465ee728b)
Start importing Assets/TutorialInfo using Guid(49110bb8dcada46328ad741970bce702) Importer(815301076,1909f56bfc062723c751e8b465ee728b)  -> (artifact id: 'c72caae5320b3fa808af079f20cbc8bd') in 0.004625 seconds
  Import took 0.008775 seconds .

========================================================================
Received Prepare
Registering precompiled user dll's ...
Registered in 0.000869 seconds.
Begin MonoManager ReloadAssembly
Native extension for WindowsStandalone target not found
Native extension for OSXStandalone target not found
Refreshing native plugins compatible for Editor in 0.36 ms, found 1 plugins.
Preloading 0 native plugins for Editor in 0.00 ms.
Invoked RoslynAnalysisRunner static constructor.
RoslynAnalysisRunner will not be running.
RoslynAnalysisRunner has terminated.
Mono: successfully reloaded assembly
- Completed reload, in  1.091 seconds
Platform modules already initialized, skipping
Shader 'Universal Render Pipeline/Particles/Lit': fallback shader 'Universal Render Pipeline/Particles/SimpleLit' not found
Refreshing native plugins compatible for Editor in 0.39 ms, found 1 plugins.
Preloading 0 native plugins for Editor in 0.00 ms.
Unloading 2267 Unused Serialized files (Serialized files now loaded: 0)
System memory in use before: 177.7 MB.
System memory in use after: 177.9 MB.

Unloading 5 unused Assets to reduce memory usage. Loaded Objects now: 2825.
Total: 2.749621 ms (FindLiveObjects: 0.354651 ms CreateObjectMapping: 0.125071 ms MarkObjects: 2.250930 ms  DeleteObjects: 0.017104 ms)

========================================================================
Received Import Request.
  Time since last request: 82.152970 seconds.
  path: Assets/Scenes
  artifactKey: Guid(bfb320a5f3184499495663542c4f443e) Importer(815301076,1909f56bfc062723c751e8b465ee728b)
Start importing Assets/Scenes using Guid(bfb320a5f3184499495663542c4f443e) Importer(815301076,1909f56bfc062723c751e8b465ee728b)  -> (artifact id: 'b296a4792134d18a0e4fa523e5b0ffac') in 0.005634 seconds
  Import took 0.009880 seconds .

========================================================================
Received Import Request.
  Time since last request: 1.594535 seconds.
  path: Assets/Scenes/Minigame.unity
  artifactKey: Guid(bcfd4179474ef4d499f2b1189726ef36) Importer(815301076,1909f56bfc062723c751e8b465ee728b)
Start importing Assets/Scenes/Minigame.unity using Guid(bcfd4179474ef4d499f2b1189726ef36) Importer(815301076,1909f56bfc062723c751e8b465ee728b)  -> (artifact id: '45978ec53980de72cfd7eb6c84b2f805') in 0.010169 seconds
  Import took 0.014746 seconds .

========================================================================
Received Import Request.
  Time since last request: 552.905278 seconds.
  path: Assets/Materials
  artifactKey: Guid(1ffc9a06fd5964ef5bad18e7548ba8cb) Importer(815301076,1909f56bfc062723c751e8b465ee728b)
Start importing Assets/Materials using Guid(1ffc9a06fd5964ef5bad18e7548ba8cb) Importer(815301076,1909f56bfc062723c751e8b465ee728b)  -> (artifact id: 'f25022fd73e6c195b7b0aabfe628895c') in 0.001738 seconds
  Import took 0.006069 seconds .

========================================================================
Received Import Request.
  Time since last request: 22.795291 seconds.
  path: Assets/Materials/Backgroundl.mat
  artifactKey: Guid(332ddab43cf214dc68d93e26559ddf5a) Importer(815301076,1909f56bfc062723c751e8b465ee728b)
Start importing Assets/Materials/Backgroundl.mat using Guid(332ddab43cf214dc68d93e26559ddf5a) Importer(815301076,1909f56bfc062723c751e8b465ee728b)  -> (artifact id: 'ab7caec7940f8f3d7fc7d680769edadb') in 0.643923 seconds
  Import took 0.649038 seconds .

========================================================================
Received Import Request.
  Time since last request: 87.564375 seconds.
  path: Assets/Materials/Backgroundl.mat
  artifactKey: Guid(332ddab43cf214dc68d93e26559ddf5a) Importer(815301076,1909f56bfc062723c751e8b465ee728b)
Start importing Assets/Materials/Backgroundl.mat using Guid(332ddab43cf214dc68d93e26559ddf5a) Importer(815301076,1909f56bfc062723c751e8b465ee728b)  -> (artifact id: 'd3da4e772c96af98aafebc3ed2dfe4bd') in 0.019288 seconds
  Import took 0.023407 seconds .

========================================================================
Received Import Request.
  Time since last request: 0.000200 seconds.
  path: Assets/Materials/Player.mat
  artifactKey: Guid(49c529428c6774f369d5a34488e60baf) Importer(815301076,1909f56bfc062723c751e8b465ee728b)
Start importing Assets/Materials/Player.mat using Guid(49c529428c6774f369d5a34488e60baf) Importer(815301076,1909f56bfc062723c751e8b465ee728b)  -> (artifact id: '2a908c79692f7ea1d0ee4d142b8b1bc7') in 0.011107 seconds
  Import took 0.014768 seconds .

========================================================================
Received Import Request.
  Time since last request: 249.041742 seconds.
  path: Assets/Materials/Player.mat
  artifactKey: Guid(49c529428c6774f369d5a34488e60baf) Importer(815301076,1909f56bfc062723c751e8b465ee728b)
Start importing Assets/Materials/Player.mat using Guid(49c529428c6774f369d5a34488e60baf) Importer(815301076,1909f56bfc062723c751e8b465ee728b)  -> (artifact id: '6533c8082093d2d206a6e1dc0c0d2eec') in 0.019429 seconds
  Import took 0.023890 seconds .

========================================================================
Received Prepare
Registering precompiled user dll's ...
Registered in 0.001004 seconds.
Begin MonoManager ReloadAssembly
Native extension for WindowsStandalone target not found
Native extension for OSXStandalone target not found
Refreshing native plugins compatible for Editor in 42.18 ms, found 1 plugins.
Preloading 0 native plugins for Editor in 0.00 ms.
Invoked RoslynAnalysisRunner static constructor.
RoslynAnalysisRunner will not be running.
RoslynAnalysisRunner has terminated.
Mono: successfully reloaded assembly
- Completed reload, in  0.911 seconds
Platform modules already initialized, skipping
Shader 'Universal Render Pipeline/Particles/Lit': fallback shader 'Universal Render Pipeline/Particles/SimpleLit' not found
Refreshing native plugins compatible for Editor in 0.42 ms, found 1 plugins.
Preloading 0 native plugins for Editor in 0.00 ms.
Unloading 2563 Unused Serialized files (Serialized files now loaded: 0)
System memory in use before: 180.0 MB.
System memory in use after: 180.3 MB.

Unloading 50 unused Assets to reduce memory usage. Loaded Objects now: 3152.
Total: 2.172096 ms (FindLiveObjects: 0.336238 ms CreateObjectMapping: 0.128807 ms MarkObjects: 1.630279 ms  DeleteObjects: 0.075309 ms)

AssetImportParameters requested are different than current active one (requested -> active):
  custom:srp/default-shader: 0000e00a000e0de00000e000e0000000 -> 00a0da0d000000000000000000000000
AssetImportWorkerClient::OnTransportError - code=2 error=End of file
