Using pre-set license

 COMMAND LINE ARGUMENTS:
/Applications/Unity/Hub/Editor/2020.2.3f1/Unity.app/Contents/MacOS/Unity
-adb2
-batchMode
-noUpm
-name
AssetImportWorker0
-projectPath
/Users/faithshields/Desktop/Games & Software/Unity Projects/Game Dev II/RollABall
-logFile
Logs/AssetImportWorker0.log
-srvPort
63874
Successfully changed project path to: /Users/faithshields/Desktop/Games & Software/Unity Projects/Game Dev II/RollABall
/Users/faithshields/Desktop/Games & Software/Unity Projects/Game Dev II/RollABall
Using Asset Import Pipeline V2.
Refreshing native plugins compatible for Editor in 48.87 ms, found 1 plugins.
Preloading 0 native plugins for Editor in 0.00 ms.
Initialize engine version: 2020.2.3f1 (8ff31bc5bf5b)
[Subsystems] Discovering subsystems at path /Applications/Unity/Hub/Editor/2020.2.3f1/Unity.app/Contents/Resources/UnitySubsystems
[Subsystems] Discovering subsystems at path /Users/faithshields/Desktop/Games & Software/Unity Projects/Game Dev II/RollABall/Assets
GfxDevice: creating device client; threaded=0
2021-02-06 16:28:13.691 Unity[52558:1244658] Color LCD preferred device: AMD Radeon Pro 560X (high power)
2021-02-06 16:28:13.691 Unity[52558:1244658] Metal devices available: 2
2021-02-06 16:28:13.691 Unity[52558:1244658] 0: AMD Radeon Pro 560X (high power)
2021-02-06 16:28:13.691 Unity[52558:1244658] 1: Intel(R) UHD Graphics 630 (low power)
2021-02-06 16:28:13.692 Unity[52558:1244658] Using device AMD Radeon Pro 560X (high power)
Initializing Metal device caps: AMD Radeon Pro 560X
Shader 'Universal Render Pipeline/Particles/Lit': fallback shader 'Universal Render Pipeline/Particles/SimpleLit' not found
Initialize mono
Mono path[0] = '/Applications/Unity/Hub/Editor/2020.2.3f1/Unity.app/Contents/Managed'
Mono path[1] = '/Applications/Unity/Hub/Editor/2020.2.3f1/Unity.app/Contents/MonoBleedingEdge/lib/mono/unityjit'
Mono config path = '/Applications/Unity/Hub/Editor/2020.2.3f1/Unity.app/Contents/MonoBleedingEdge/etc'
Using monoOptions --debugger-agent=transport=dt_socket,embedding=1,server=y,suspend=n,address=127.0.0.1:56558
Begin MonoManager ReloadAssembly
Registering precompiled unity dll's ...
Register platform support module: /Applications/Unity/Hub/Editor/2020.2.3f1/Unity.app/Contents/PlaybackEngines/MacStandaloneSupport/UnityEditor.OSXStandalone.Extensions.dll
Register platform support module: /Applications/Unity/Hub/Editor/2020.2.3f1/PlaybackEngines/WindowsStandaloneSupport/UnityEditor.WindowsStandalone.Extensions.dll
Registered in 0.000680 seconds.
Native extension for WindowsStandalone target not found
Native extension for OSXStandalone target not found
Refreshing native plugins compatible for Editor in 46.76 ms, found 1 plugins.
Preloading 0 native plugins for Editor in 0.00 ms.
Invoked RoslynAnalysisRunner static constructor.
RoslynAnalysisRunner will not be running.
RoslynAnalysisRunner has terminated.
Mono: successfully reloaded assembly
- Completed reload, in  1.922 seconds
Platform modules already initialized, skipping
Registering precompiled user dll's ...
Registered in 0.000708 seconds.
Begin MonoManager ReloadAssembly
Native extension for WindowsStandalone target not found
Native extension for OSXStandalone target not found
Refreshing native plugins compatible for Editor in 49.20 ms, found 1 plugins.
Preloading 0 native plugins for Editor in 0.00 ms.
Invoked RoslynAnalysisRunner static constructor.
RoslynAnalysisRunner will not be running.
RoslynAnalysisRunner has terminated.
Mono: successfully reloaded assembly
- Completed reload, in  1.157 seconds
Platform modules already initialized, skipping
========================================================================
Worker process is ready to serve import requests
Shader 'Universal Render Pipeline/Particles/Lit': fallback shader 'Universal Render Pipeline/Particles/SimpleLit' not found
Launching external process: /Applications/Unity/Hub/Editor/2020.2.3f1/Unity.app/Contents/Tools/UnityShaderCompiler
Launched and connected shader compiler UnityShaderCompiler after 0.01 seconds
Refreshing native plugins compatible for Editor in 0.42 ms, found 1 plugins.
Preloading 0 native plugins for Editor in 0.00 ms.
Unloading 2673 Unused Serialized files (Serialized files now loaded: 0)
System memory in use before: 195.5 MB.
System memory in use after: 195.7 MB.

Unloading 12 unused Assets to reduce memory usage. Loaded Objects now: 3119.
Total: 2.589859 ms (FindLiveObjects: 0.338940 ms CreateObjectMapping: 0.135146 ms MarkObjects: 2.039219 ms  DeleteObjects: 0.075234 ms)

========================================================================
Received Import Request.
  path: Assets/Input/InputActions.inputactions
  artifactKey: Guid(9f08fd7f2c1a543868a7a68b33f5d77b) Importer(815301076,1909f56bfc062723c751e8b465ee728b)
Start importing Assets/Input/InputActions.inputactions using Guid(9f08fd7f2c1a543868a7a68b33f5d77b) Importer(815301076,1909f56bfc062723c751e8b465ee728b)  -> (artifact id: '18a4bac8b4f4c188628d3621c1b1ce7f') in 0.275926 seconds
  Import took 0.281097 seconds .

========================================================================
Received Import Request.
  Time since last request: 0.000215 seconds.
  path: Assets/Input
  artifactKey: Guid(c57d61ac71bcc44a899eff7f15585041) Importer(815301076,1909f56bfc062723c751e8b465ee728b)
Start importing Assets/Input using Guid(c57d61ac71bcc44a899eff7f15585041) Importer(815301076,1909f56bfc062723c751e8b465ee728b)  -> (artifact id: '598bdf9431cb2ac4677652a40a5b33f5') in 0.001283 seconds
  Import took 0.004798 seconds .

========================================================================
Received Import Request.
  Time since last request: 36.526935 seconds.
  path: Assets/Scripts
  artifactKey: Guid(b50a77f583c614d9591c28be57a2e5ae) Importer(815301076,1909f56bfc062723c751e8b465ee728b)
Start importing Assets/Scripts using Guid(b50a77f583c614d9591c28be57a2e5ae) Importer(815301076,1909f56bfc062723c751e8b465ee728b)  -> (artifact id: 'e2ad8c89bdc3c186cef5f51dfaef390c') in 0.001454 seconds
  Import took 0.005912 seconds .

========================================================================
Received Import Request.
  Time since last request: 59.665282 seconds.
  path: Assets/Scripts/PlayerController.cs
  artifactKey: Guid(b7af153d97bd347b886d627d5b820377) Importer(815301076,1909f56bfc062723c751e8b465ee728b)
Start importing Assets/Scripts/PlayerController.cs using Guid(b7af153d97bd347b886d627d5b820377) Importer(815301076,1909f56bfc062723c751e8b465ee728b)  -> (artifact id: '7acff4ae8d878e71a4d9011a1f93b6e0') in 0.368568 seconds
  Import took 0.373476 seconds .

========================================================================
Received Prepare
Registering precompiled user dll's ...
Registered in 0.000846 seconds.
Begin MonoManager ReloadAssembly
Native extension for WindowsStandalone target not found
Native extension for OSXStandalone target not found
Refreshing native plugins compatible for Editor in 0.43 ms, found 1 plugins.
Preloading 0 native plugins for Editor in 0.00 ms.
Invoked RoslynAnalysisRunner static constructor.
RoslynAnalysisRunner will not be running.
RoslynAnalysisRunner has terminated.
Mono: successfully reloaded assembly
- Completed reload, in  1.123 seconds
Platform modules already initialized, skipping
Shader 'Universal Render Pipeline/Particles/Lit': fallback shader 'Universal Render Pipeline/Particles/SimpleLit' not found
Refreshing native plugins compatible for Editor in 0.42 ms, found 1 plugins.
Preloading 0 native plugins for Editor in 0.00 ms.
Unloading 2564 Unused Serialized files (Serialized files now loaded: 0)
System memory in use before: 198.4 MB.
System memory in use after: 198.6 MB.

Unloading 6 unused Assets to reduce memory usage. Loaded Objects now: 3122.
Total: 2.475785 ms (FindLiveObjects: 0.330490 ms CreateObjectMapping: 0.109147 ms MarkObjects: 2.020397 ms  DeleteObjects: 0.014633 ms)

========================================================================
Received Prepare
Registering precompiled user dll's ...
Registered in 0.001033 seconds.
Begin MonoManager ReloadAssembly
Native extension for WindowsStandalone target not found
Native extension for OSXStandalone target not found
Refreshing native plugins compatible for Editor in 0.39 ms, found 1 plugins.
Preloading 0 native plugins for Editor in 0.00 ms.
Invoked RoslynAnalysisRunner static constructor.
RoslynAnalysisRunner will not be running.
RoslynAnalysisRunner has terminated.
Mono: successfully reloaded assembly
- Completed reload, in  1.048 seconds
Platform modules already initialized, skipping
Shader 'Universal Render Pipeline/Particles/Lit': fallback shader 'Universal Render Pipeline/Particles/SimpleLit' not found
Refreshing native plugins compatible for Editor in 0.60 ms, found 1 plugins.
Preloading 0 native plugins for Editor in 0.00 ms.
Unloading 2563 Unused Serialized files (Serialized files now loaded: 0)
System memory in use before: 198.6 MB.
System memory in use after: 198.8 MB.

Unloading 6 unused Assets to reduce memory usage. Loaded Objects now: 3124.
Total: 2.275710 ms (FindLiveObjects: 0.297917 ms CreateObjectMapping: 0.121700 ms MarkObjects: 1.838303 ms  DeleteObjects: 0.016447 ms)

========================================================================
Received Prepare
Registering precompiled user dll's ...
Registered in 0.000809 seconds.
Begin MonoManager ReloadAssembly
Native extension for WindowsStandalone target not found
Native extension for OSXStandalone target not found
Refreshing native plugins compatible for Editor in 0.38 ms, found 1 plugins.
Preloading 0 native plugins for Editor in 0.00 ms.
Invoked RoslynAnalysisRunner static constructor.
RoslynAnalysisRunner will not be running.
RoslynAnalysisRunner has terminated.
Mono: successfully reloaded assembly
- Completed reload, in  1.014 seconds
Platform modules already initialized, skipping
Shader 'Universal Render Pipeline/Particles/Lit': fallback shader 'Universal Render Pipeline/Particles/SimpleLit' not found
Refreshing native plugins compatible for Editor in 0.38 ms, found 1 plugins.
Preloading 0 native plugins for Editor in 0.00 ms.
Unloading 2564 Unused Serialized files (Serialized files now loaded: 0)
System memory in use before: 198.9 MB.
System memory in use after: 199.1 MB.

Unloading 6 unused Assets to reduce memory usage. Loaded Objects now: 3126.
Total: 2.453203 ms (FindLiveObjects: 0.323014 ms CreateObjectMapping: 0.131606 ms MarkObjects: 1.964341 ms  DeleteObjects: 0.016373 ms)

========================================================================
Received Prepare
Registering precompiled user dll's ...
Registered in 0.000811 seconds.
Begin MonoManager ReloadAssembly
Native extension for WindowsStandalone target not found
Native extension for OSXStandalone target not found
Refreshing native plugins compatible for Editor in 0.38 ms, found 1 plugins.
Preloading 0 native plugins for Editor in 0.00 ms.
Invoked RoslynAnalysisRunner static constructor.
RoslynAnalysisRunner will not be running.
RoslynAnalysisRunner has terminated.
Mono: successfully reloaded assembly
- Completed reload, in  1.080 seconds
Platform modules already initialized, skipping
Shader 'Universal Render Pipeline/Particles/Lit': fallback shader 'Universal Render Pipeline/Particles/SimpleLit' not found
Refreshing native plugins compatible for Editor in 0.43 ms, found 1 plugins.
Preloading 0 native plugins for Editor in 0.00 ms.
Unloading 2564 Unused Serialized files (Serialized files now loaded: 0)
System memory in use before: 199.1 MB.
System memory in use after: 199.3 MB.

Unloading 6 unused Assets to reduce memory usage. Loaded Objects now: 3128.
Total: 2.599200 ms (FindLiveObjects: 0.332337 ms CreateObjectMapping: 0.131148 ms MarkObjects: 2.117430 ms  DeleteObjects: 0.016741 ms)

========================================================================
Received Import Request.
  Time since last request: 1187.051560 seconds.
  path: Assets/Scripts/PlayerController.cs
  artifactKey: Guid(b7af153d97bd347b886d627d5b820377) Importer(815301076,1909f56bfc062723c751e8b465ee728b)
Start importing Assets/Scripts/PlayerController.cs using Guid(b7af153d97bd347b886d627d5b820377) Importer(815301076,1909f56bfc062723c751e8b465ee728b)  -> (artifact id: '05cac115c7df97d2bf22f1427f1f0a40') in 0.009416 seconds
  Import took 0.014963 seconds .

========================================================================
Received Prepare
Registering precompiled user dll's ...
Registered in 0.000816 seconds.
Begin MonoManager ReloadAssembly
Native extension for WindowsStandalone target not found
Native extension for OSXStandalone target not found
Refreshing native plugins compatible for Editor in 0.38 ms, found 1 plugins.
Preloading 0 native plugins for Editor in 0.00 ms.
Invoked RoslynAnalysisRunner static constructor.
RoslynAnalysisRunner will not be running.
RoslynAnalysisRunner has terminated.
Mono: successfully reloaded assembly
- Completed reload, in  0.936 seconds
Platform modules already initialized, skipping
Shader 'Universal Render Pipeline/Particles/Lit': fallback shader 'Universal Render Pipeline/Particles/SimpleLit' not found
Refreshing native plugins compatible for Editor in 0.40 ms, found 1 plugins.
Preloading 0 native plugins for Editor in 0.00 ms.
Unloading 2564 Unused Serialized files (Serialized files now loaded: 0)
System memory in use before: 199.4 MB.
System memory in use after: 199.6 MB.

Unloading 6 unused Assets to reduce memory usage. Loaded Objects now: 3130.
Total: 2.899135 ms (FindLiveObjects: 0.384652 ms CreateObjectMapping: 0.184877 ms MarkObjects: 2.307625 ms  DeleteObjects: 0.020255 ms)

========================================================================
Received Prepare
Registering precompiled user dll's ...
Registered in 0.001007 seconds.
Begin MonoManager ReloadAssembly
Native extension for WindowsStandalone target not found
Native extension for OSXStandalone target not found
Refreshing native plugins compatible for Editor in 0.52 ms, found 1 plugins.
Preloading 0 native plugins for Editor in 0.00 ms.
Invoked RoslynAnalysisRunner static constructor.
RoslynAnalysisRunner will not be running.
RoslynAnalysisRunner has terminated.
Mono: successfully reloaded assembly
- Completed reload, in  1.109 seconds
Platform modules already initialized, skipping
Shader 'Universal Render Pipeline/Particles/Lit': fallback shader 'Universal Render Pipeline/Particles/SimpleLit' not found
Refreshing native plugins compatible for Editor in 0.44 ms, found 1 plugins.
Preloading 0 native plugins for Editor in 0.00 ms.
Unloading 2564 Unused Serialized files (Serialized files now loaded: 0)
System memory in use before: 199.6 MB.
System memory in use after: 199.8 MB.

Unloading 6 unused Assets to reduce memory usage. Loaded Objects now: 3132.
Total: 2.439879 ms (FindLiveObjects: 0.310696 ms CreateObjectMapping: 0.134228 ms MarkObjects: 1.976042 ms  DeleteObjects: 0.017533 ms)

========================================================================
Received Prepare
Registering precompiled user dll's ...
Registered in 0.000925 seconds.
Begin MonoManager ReloadAssembly
Native extension for WindowsStandalone target not found
Native extension for OSXStandalone target not found
Refreshing native plugins compatible for Editor in 0.41 ms, found 1 plugins.
Preloading 0 native plugins for Editor in 0.00 ms.
Invoked RoslynAnalysisRunner static constructor.
RoslynAnalysisRunner will not be running.
RoslynAnalysisRunner has terminated.
Mono: successfully reloaded assembly
- Completed reload, in  1.106 seconds
Platform modules already initialized, skipping
Shader 'Universal Render Pipeline/Particles/Lit': fallback shader 'Universal Render Pipeline/Particles/SimpleLit' not found
Refreshing native plugins compatible for Editor in 0.44 ms, found 1 plugins.
Preloading 0 native plugins for Editor in 0.00 ms.
Unloading 2564 Unused Serialized files (Serialized files now loaded: 0)
System memory in use before: 199.9 MB.
System memory in use after: 200.1 MB.

Unloading 6 unused Assets to reduce memory usage. Loaded Objects now: 3134.
Total: 2.263934 ms (FindLiveObjects: 0.295743 ms CreateObjectMapping: 0.122719 ms MarkObjects: 1.829271 ms  DeleteObjects: 0.014930 ms)

========================================================================
Received Import Request.
  Time since last request: 1140.756584 seconds.
  path: Assets/CameraController.cs
  artifactKey: Guid(8f5a649a810a749e399db9faa0e8f032) Importer(815301076,1909f56bfc062723c751e8b465ee728b)
Start importing Assets/CameraController.cs using Guid(8f5a649a810a749e399db9faa0e8f032) Importer(815301076,1909f56bfc062723c751e8b465ee728b)  -> (artifact id: '0994e8927e0e9aefbe77599f55f5fa45') in 0.008371 seconds
  Import took 0.012652 seconds .

========================================================================
Received Prepare
Registering precompiled user dll's ...
Registered in 0.000823 seconds.
Begin MonoManager ReloadAssembly
Native extension for WindowsStandalone target not found
Native extension for OSXStandalone target not found
Refreshing native plugins compatible for Editor in 0.39 ms, found 1 plugins.
Preloading 0 native plugins for Editor in 0.00 ms.
Invoked RoslynAnalysisRunner static constructor.
RoslynAnalysisRunner will not be running.
RoslynAnalysisRunner has terminated.
Mono: successfully reloaded assembly
- Completed reload, in  1.029 seconds
Platform modules already initialized, skipping
Shader 'Universal Render Pipeline/Particles/Lit': fallback shader 'Universal Render Pipeline/Particles/SimpleLit' not found
Refreshing native plugins compatible for Editor in 0.41 ms, found 1 plugins.
Preloading 0 native plugins for Editor in 0.00 ms.
Unloading 2565 Unused Serialized files (Serialized files now loaded: 0)
System memory in use before: 200.1 MB.
System memory in use after: 200.4 MB.

Unloading 6 unused Assets to reduce memory usage. Loaded Objects now: 3137.
Total: 2.054610 ms (FindLiveObjects: 0.275323 ms CreateObjectMapping: 0.109870 ms MarkObjects: 1.655618 ms  DeleteObjects: 0.012929 ms)

========================================================================
Received Prepare
Registering precompiled user dll's ...
Registered in 0.000749 seconds.
Begin MonoManager ReloadAssembly
Native extension for WindowsStandalone target not found
Native extension for OSXStandalone target not found
Refreshing native plugins compatible for Editor in 0.81 ms, found 1 plugins.
Preloading 0 native plugins for Editor in 0.00 ms.
Invoked RoslynAnalysisRunner static constructor.
RoslynAnalysisRunner will not be running.
RoslynAnalysisRunner has terminated.
Mono: successfully reloaded assembly
- Completed reload, in  1.073 seconds
Platform modules already initialized, skipping
Shader 'Universal Render Pipeline/Particles/Lit': fallback shader 'Universal Render Pipeline/Particles/SimpleLit' not found
Refreshing native plugins compatible for Editor in 0.49 ms, found 1 plugins.
Preloading 0 native plugins for Editor in 0.00 ms.
Unloading 2565 Unused Serialized files (Serialized files now loaded: 0)
System memory in use before: 200.4 MB.
System memory in use after: 200.6 MB.

Unloading 6 unused Assets to reduce memory usage. Loaded Objects now: 3139.
Total: 2.296929 ms (FindLiveObjects: 0.308393 ms CreateObjectMapping: 0.147218 ms MarkObjects: 1.824799 ms  DeleteObjects: 0.015316 ms)

========================================================================
Received Prepare
Registering precompiled user dll's ...
Registered in 0.000813 seconds.
Begin MonoManager ReloadAssembly
Native extension for WindowsStandalone target not found
Native extension for OSXStandalone target not found
Refreshing native plugins compatible for Editor in 0.38 ms, found 1 plugins.
Preloading 0 native plugins for Editor in 0.00 ms.
Invoked RoslynAnalysisRunner static constructor.
RoslynAnalysisRunner will not be running.
RoslynAnalysisRunner has terminated.
Mono: successfully reloaded assembly
- Completed reload, in  1.057 seconds
Platform modules already initialized, skipping
Shader 'Universal Render Pipeline/Particles/Lit': fallback shader 'Universal Render Pipeline/Particles/SimpleLit' not found
Refreshing native plugins compatible for Editor in 0.40 ms, found 1 plugins.
Preloading 0 native plugins for Editor in 0.00 ms.
Unloading 2565 Unused Serialized files (Serialized files now loaded: 0)
System memory in use before: 200.6 MB.
System memory in use after: 200.8 MB.

Unloading 6 unused Assets to reduce memory usage. Loaded Objects now: 3141.
Total: 2.779324 ms (FindLiveObjects: 0.364257 ms CreateObjectMapping: 0.165798 ms MarkObjects: 2.230615 ms  DeleteObjects: 0.015346 ms)

========================================================================
Received Import Request.
  Time since last request: 264.597165 seconds.
  path: Assets/Scripts/CameraController.cs
  artifactKey: Guid(8f5a649a810a749e399db9faa0e8f032) Importer(815301076,1909f56bfc062723c751e8b465ee728b)
Start importing Assets/Scripts/CameraController.cs using Guid(8f5a649a810a749e399db9faa0e8f032) Importer(815301076,1909f56bfc062723c751e8b465ee728b)  -> (artifact id: 'f4bd519ec999f09848146003e56130c5') in 0.010498 seconds
  Import took 0.015517 seconds .

========================================================================
Received Prepare
Registering precompiled user dll's ...
Registered in 0.000826 seconds.
Begin MonoManager ReloadAssembly
Native extension for WindowsStandalone target not found
Native extension for OSXStandalone target not found
Refreshing native plugins compatible for Editor in 0.43 ms, found 1 plugins.
Preloading 0 native plugins for Editor in 0.00 ms.
Invoked RoslynAnalysisRunner static constructor.
RoslynAnalysisRunner will not be running.
RoslynAnalysisRunner has terminated.
Mono: successfully reloaded assembly
- Completed reload, in  0.998 seconds
Platform modules already initialized, skipping
Shader 'Universal Render Pipeline/Particles/Lit': fallback shader 'Universal Render Pipeline/Particles/SimpleLit' not found
Refreshing native plugins compatible for Editor in 0.40 ms, found 1 plugins.
Preloading 0 native plugins for Editor in 0.00 ms.
Unloading 2565 Unused Serialized files (Serialized files now loaded: 0)
System memory in use before: 200.8 MB.
System memory in use after: 201.1 MB.

Unloading 6 unused Assets to reduce memory usage. Loaded Objects now: 3143.
Total: 2.821528 ms (FindLiveObjects: 0.301494 ms CreateObjectMapping: 0.132932 ms MarkObjects: 2.364284 ms  DeleteObjects: 0.020463 ms)

========================================================================
Received Import Request.
  Time since last request: 309.693013 seconds.
  path: Assets/Materials/Walls.mat
  artifactKey: Guid(70a51dc76617a4d7f85c88f0c5e2f860) Importer(815301076,1909f56bfc062723c751e8b465ee728b)
Start importing Assets/Materials/Walls.mat using Guid(70a51dc76617a4d7f85c88f0c5e2f860) Importer(815301076,1909f56bfc062723c751e8b465ee728b)  -> (artifact id: '0e33a7b3bfbf72e255179565397e4c3f') in 0.662801 seconds
  Import took 0.667596 seconds .

========================================================================
Received Prepare
Registering precompiled user dll's ...
Registered in 0.000870 seconds.
Begin MonoManager ReloadAssembly
Native extension for WindowsStandalone target not found
Native extension for OSXStandalone target not found
Refreshing native plugins compatible for Editor in 0.38 ms, found 1 plugins.
Preloading 0 native plugins for Editor in 0.00 ms.
Invoked RoslynAnalysisRunner static constructor.
RoslynAnalysisRunner will not be running.
RoslynAnalysisRunner has terminated.
Mono: successfully reloaded assembly
- Completed reload, in  1.144 seconds
Platform modules already initialized, skipping
Shader 'Universal Render Pipeline/Particles/Lit': fallback shader 'Universal Render Pipeline/Particles/SimpleLit' not found
Refreshing native plugins compatible for Editor in 0.43 ms, found 1 plugins.
Preloading 0 native plugins for Editor in 0.00 ms.
Unloading 2565 Unused Serialized files (Serialized files now loaded: 0)
System memory in use before: 211.8 MB.
System memory in use after: 212.1 MB.

Unloading 6 unused Assets to reduce memory usage. Loaded Objects now: 3223.
Total: 2.431752 ms (FindLiveObjects: 0.289438 ms CreateObjectMapping: 0.129474 ms MarkObjects: 1.996676 ms  DeleteObjects: 0.015224 ms)

========================================================================
Received Import Request.
  Time since last request: 3537.448086 seconds.
  path: Assets/Materials/Walls.mat
  artifactKey: Guid(70a51dc76617a4d7f85c88f0c5e2f860) Importer(815301076,1909f56bfc062723c751e8b465ee728b)
Start importing Assets/Materials/Walls.mat using Guid(70a51dc76617a4d7f85c88f0c5e2f860) Importer(815301076,1909f56bfc062723c751e8b465ee728b)  -> (artifact id: 'ccc4034deb69e8db1daff9731a9c646f') in 0.199618 seconds
  Import took 0.204472 seconds .

========================================================================
Received Import Request.
  Time since last request: 33.379988 seconds.
  path: Assets/Materials/PickUp.mat
  artifactKey: Guid(b223dc794e5e148febb713b55e89cf06) Importer(815301076,1909f56bfc062723c751e8b465ee728b)
Start importing Assets/Materials/PickUp.mat using Guid(b223dc794e5e148febb713b55e89cf06) Importer(815301076,1909f56bfc062723c751e8b465ee728b)  -> (artifact id: '5f21ad9f192b7efb35d22f0a53aa82f0') in 0.027900 seconds
  Import took 0.032986 seconds .

========================================================================
Received Import Request.
  Time since last request: 48.385810 seconds.
  path: Assets/Materials/PickUp.mat
  artifactKey: Guid(b223dc794e5e148febb713b55e89cf06) Importer(815301076,1909f56bfc062723c751e8b465ee728b)
Start importing Assets/Materials/PickUp.mat using Guid(b223dc794e5e148febb713b55e89cf06) Importer(815301076,1909f56bfc062723c751e8b465ee728b)  -> (artifact id: '9ef95e9bd8a48d152db661b69a6da003') in 0.019205 seconds
  Import took 0.024126 seconds .

========================================================================
Received Import Request.
  Time since last request: 56.413816 seconds.
  path: Assets/Rotator.cs
  artifactKey: Guid(edfbc9bb3e1604033921b5a7520f7d45) Importer(815301076,1909f56bfc062723c751e8b465ee728b)
Start importing Assets/Rotator.cs using Guid(edfbc9bb3e1604033921b5a7520f7d45) Importer(815301076,1909f56bfc062723c751e8b465ee728b)  -> (artifact id: 'b86bca747bc72e52d1fbbe5bb2635e0e') in 0.002606 seconds
  Import took 0.007255 seconds .

========================================================================
Received Prepare
Registering precompiled user dll's ...
Registered in 0.000814 seconds.
Begin MonoManager ReloadAssembly
Native extension for WindowsStandalone target not found
Native extension for OSXStandalone target not found
Refreshing native plugins compatible for Editor in 0.39 ms, found 1 plugins.
Preloading 0 native plugins for Editor in 0.00 ms.
Invoked RoslynAnalysisRunner static constructor.
RoslynAnalysisRunner will not be running.
RoslynAnalysisRunner has terminated.
Mono: successfully reloaded assembly
- Completed reload, in  1.120 seconds
Platform modules already initialized, skipping
Shader 'Universal Render Pipeline/Particles/Lit': fallback shader 'Universal Render Pipeline/Particles/SimpleLit' not found
Refreshing native plugins compatible for Editor in 0.47 ms, found 1 plugins.
Preloading 0 native plugins for Editor in 0.00 ms.
Unloading 2566 Unused Serialized files (Serialized files now loaded: 0)
System memory in use before: 212.4 MB.
System memory in use after: 212.6 MB.

Unloading 6 unused Assets to reduce memory usage. Loaded Objects now: 3262.
Total: 2.440020 ms (FindLiveObjects: 0.307914 ms CreateObjectMapping: 0.130713 ms MarkObjects: 1.983945 ms  DeleteObjects: 0.015628 ms)

========================================================================
Received Prepare
Registering precompiled user dll's ...
Registered in 0.000802 seconds.
Begin MonoManager ReloadAssembly
Native extension for WindowsStandalone target not found
Native extension for OSXStandalone target not found
Refreshing native plugins compatible for Editor in 0.38 ms, found 1 plugins.
Preloading 0 native plugins for Editor in 0.00 ms.
Invoked RoslynAnalysisRunner static constructor.
RoslynAnalysisRunner will not be running.
RoslynAnalysisRunner has terminated.
Mono: successfully reloaded assembly
- Completed reload, in  1.113 seconds
Platform modules already initialized, skipping
Shader 'Universal Render Pipeline/Particles/Lit': fallback shader 'Universal Render Pipeline/Particles/SimpleLit' not found
Refreshing native plugins compatible for Editor in 0.42 ms, found 1 plugins.
Preloading 0 native plugins for Editor in 0.00 ms.
Unloading 2566 Unused Serialized files (Serialized files now loaded: 0)
System memory in use before: 212.6 MB.
System memory in use after: 212.8 MB.

Unloading 6 unused Assets to reduce memory usage. Loaded Objects now: 3264.
Total: 2.469967 ms (FindLiveObjects: 0.359755 ms CreateObjectMapping: 0.128624 ms MarkObjects: 1.965826 ms  DeleteObjects: 0.014675 ms)

========================================================================
Received Prepare
Registering precompiled user dll's ...
Registered in 0.000919 seconds.
Begin MonoManager ReloadAssembly
Native extension for WindowsStandalone target not found
Native extension for OSXStandalone target not found
Refreshing native plugins compatible for Editor in 0.45 ms, found 1 plugins.
Preloading 0 native plugins for Editor in 0.00 ms.
Invoked RoslynAnalysisRunner static constructor.
RoslynAnalysisRunner will not be running.
RoslynAnalysisRunner has terminated.
Mono: successfully reloaded assembly
- Completed reload, in  1.153 seconds
Platform modules already initialized, skipping
Shader 'Universal Render Pipeline/Particles/Lit': fallback shader 'Universal Render Pipeline/Particles/SimpleLit' not found
Refreshing native plugins compatible for Editor in 0.49 ms, found 1 plugins.
Preloading 0 native plugins for Editor in 0.00 ms.
Unloading 2566 Unused Serialized files (Serialized files now loaded: 0)
System memory in use before: 212.9 MB.
System memory in use after: 213.1 MB.

Unloading 6 unused Assets to reduce memory usage. Loaded Objects now: 3266.
Total: 2.366021 ms (FindLiveObjects: 0.332533 ms CreateObjectMapping: 0.120002 ms MarkObjects: 1.898108 ms  DeleteObjects: 0.014225 ms)

========================================================================
Received Import Request.
  Time since last request: 199.936663 seconds.
  path: Assets/Scripts/Rotator.cs
  artifactKey: Guid(edfbc9bb3e1604033921b5a7520f7d45) Importer(815301076,1909f56bfc062723c751e8b465ee728b)
Start importing Assets/Scripts/Rotator.cs using Guid(edfbc9bb3e1604033921b5a7520f7d45) Importer(815301076,1909f56bfc062723c751e8b465ee728b)  -> (artifact id: '78bd1677c4696178b838257899dd51d8') in 0.005319 seconds
  Import took 0.009869 seconds .

========================================================================
Received Prepare
Registering precompiled user dll's ...
Registered in 0.001163 seconds.
Begin MonoManager ReloadAssembly
Native extension for WindowsStandalone target not found
Native extension for OSXStandalone target not found
Refreshing native plugins compatible for Editor in 0.68 ms, found 1 plugins.
Preloading 0 native plugins for Editor in 0.00 ms.
Invoked RoslynAnalysisRunner static constructor.
RoslynAnalysisRunner will not be running.
RoslynAnalysisRunner has terminated.
Mono: successfully reloaded assembly
- Completed reload, in  1.122 seconds
Platform modules already initialized, skipping
Shader 'Universal Render Pipeline/Particles/Lit': fallback shader 'Universal Render Pipeline/Particles/SimpleLit' not found
Refreshing native plugins compatible for Editor in 0.41 ms, found 1 plugins.
Preloading 0 native plugins for Editor in 0.00 ms.
Unloading 2566 Unused Serialized files (Serialized files now loaded: 0)
System memory in use before: 213.1 MB.
System memory in use after: 213.3 MB.

Unloading 6 unused Assets to reduce memory usage. Loaded Objects now: 3268.
Total: 2.844534 ms (FindLiveObjects: 0.366299 ms CreateObjectMapping: 0.150865 ms MarkObjects: 2.306629 ms  DeleteObjects: 0.019303 ms)

========================================================================
Received Import Request.
  Time since last request: 131.918246 seconds.
  path: Assets/Prefabs
  artifactKey: Guid(f5133b2971ada46aeb5f23c36b9f94a9) Importer(815301076,1909f56bfc062723c751e8b465ee728b)
Start importing Assets/Prefabs using Guid(f5133b2971ada46aeb5f23c36b9f94a9) Importer(815301076,1909f56bfc062723c751e8b465ee728b)  -> (artifact id: '0a2db3f59e7dfedc5ced170dea82f7b2') in 0.006369 seconds
  Import took 0.011869 seconds .

========================================================================
Received Import Request.
  Time since last request: 6.104162 seconds.
  path: Assets/Prefabs/PickUp.prefab
  artifactKey: Guid(e906db06a1eb04518b427f042c8e0dd6) Importer(815301076,1909f56bfc062723c751e8b465ee728b)
Start importing Assets/Prefabs/PickUp.prefab using Guid(e906db06a1eb04518b427f042c8e0dd6) Importer(815301076,1909f56bfc062723c751e8b465ee728b)  -> (artifact id: '8424a1e3dc087c017a646c892f826fa3') in 0.557943 seconds
  Import took 0.562819 seconds .

========================================================================
Received Import Request.
  Time since last request: 625.460924 seconds.
  path: Assets/Scripts/PlayerController.cs
  artifactKey: Guid(b7af153d97bd347b886d627d5b820377) Importer(815301076,1909f56bfc062723c751e8b465ee728b)
Start importing Assets/Scripts/PlayerController.cs using Guid(b7af153d97bd347b886d627d5b820377) Importer(815301076,1909f56bfc062723c751e8b465ee728b)  -> (artifact id: '73cd127463ef2dc1f2561900fffd618b') in 0.003996 seconds
  Import took 0.008653 seconds .

========================================================================
Received Prepare
Registering precompiled user dll's ...
Registered in 0.000788 seconds.
Begin MonoManager ReloadAssembly
Native extension for WindowsStandalone target not found
Native extension for OSXStandalone target not found
Refreshing native plugins compatible for Editor in 0.44 ms, found 1 plugins.
Preloading 0 native plugins for Editor in 0.00 ms.
Invoked RoslynAnalysisRunner static constructor.
RoslynAnalysisRunner will not be running.
RoslynAnalysisRunner has terminated.
Mono: successfully reloaded assembly
- Completed reload, in  1.136 seconds
Platform modules already initialized, skipping
Shader 'Universal Render Pipeline/Particles/Lit': fallback shader 'Universal Render Pipeline/Particles/SimpleLit' not found
Refreshing native plugins compatible for Editor in 0.42 ms, found 1 plugins.
Preloading 0 native plugins for Editor in 0.00 ms.
Unloading 2566 Unused Serialized files (Serialized files now loaded: 0)
System memory in use before: 217.8 MB.
System memory in use after: 218.0 MB.

Unloading 6 unused Assets to reduce memory usage. Loaded Objects now: 3307.
Total: 3.288076 ms (FindLiveObjects: 0.343861 ms CreateObjectMapping: 0.232720 ms MarkObjects: 2.690155 ms  DeleteObjects: 0.019332 ms)

========================================================================
Received Import Request.
  Time since last request: 246.240977 seconds.
  path: Assets/Scripts/PlayerController.cs
  artifactKey: Guid(b7af153d97bd347b886d627d5b820377) Importer(815301076,1909f56bfc062723c751e8b465ee728b)
Start importing Assets/Scripts/PlayerController.cs using Guid(b7af153d97bd347b886d627d5b820377) Importer(815301076,1909f56bfc062723c751e8b465ee728b)  -> (artifact id: '128ec671a7cb671a791b47a29f1ad138') in 0.009338 seconds
  Import took 0.013976 seconds .

========================================================================
Received Import Request.
  Time since last request: 27.468341 seconds.
  path: ProjectSettings/TagManager.asset
  artifactKey: Guid(00000000000000003000000000000000) Importer(815301076,1909f56bfc062723c751e8b465ee728b)
Start importing ProjectSettings/TagManager.asset using Guid(00000000000000003000000000000000) Importer(815301076,1909f56bfc062723c751e8b465ee728b)  -> (artifact id: '8fc71efd16944eedcab1cb226cd9021f') in 0.155548 seconds
  Import took 0.160148 seconds .

========================================================================
Received Import Request.
  Time since last request: 39.099127 seconds.
  path: Assets/Prefabs/PickUp.prefab
  artifactKey: Guid(e906db06a1eb04518b427f042c8e0dd6) Importer(815301076,1909f56bfc062723c751e8b465ee728b)
Start importing Assets/Prefabs/PickUp.prefab using Guid(e906db06a1eb04518b427f042c8e0dd6) Importer(815301076,1909f56bfc062723c751e8b465ee728b)  -> (artifact id: '6611a244c111c0e41e3c812b4a334ec1') in 0.183003 seconds
  Import took 0.187527 seconds .

========================================================================
Received Prepare
Registering precompiled user dll's ...
Registered in 0.000793 seconds.
Begin MonoManager ReloadAssembly
Native extension for WindowsStandalone target not found
Native extension for OSXStandalone target not found
Refreshing native plugins compatible for Editor in 0.40 ms, found 1 plugins.
Preloading 0 native plugins for Editor in 0.00 ms.
Invoked RoslynAnalysisRunner static constructor.
RoslynAnalysisRunner will not be running.
RoslynAnalysisRunner has terminated.
Mono: successfully reloaded assembly
- Completed reload, in  1.159 seconds
Platform modules already initialized, skipping
Shader 'Universal Render Pipeline/Particles/Lit': fallback shader 'Universal Render Pipeline/Particles/SimpleLit' not found
Refreshing native plugins compatible for Editor in 0.40 ms, found 1 plugins.
Preloading 0 native plugins for Editor in 0.00 ms.
Unloading 2566 Unused Serialized files (Serialized files now loaded: 0)
System memory in use before: 222.4 MB.
System memory in use after: 222.6 MB.

Unloading 7 unused Assets to reduce memory usage. Loaded Objects now: 3345.
Total: 2.291473 ms (FindLiveObjects: 0.304905 ms CreateObjectMapping: 0.115919 ms MarkObjects: 1.853672 ms  DeleteObjects: 0.015182 ms)

========================================================================
Received Prepare
Registering precompiled user dll's ...
Registered in 0.000900 seconds.
Begin MonoManager ReloadAssembly
Native extension for WindowsStandalone target not found
Native extension for OSXStandalone target not found
Refreshing native plugins compatible for Editor in 0.38 ms, found 1 plugins.
Preloading 0 native plugins for Editor in 0.00 ms.
Invoked RoslynAnalysisRunner static constructor.
RoslynAnalysisRunner will not be running.
RoslynAnalysisRunner has terminated.
Mono: successfully reloaded assembly
- Completed reload, in  1.145 seconds
Platform modules already initialized, skipping
Shader 'Universal Render Pipeline/Particles/Lit': fallback shader 'Universal Render Pipeline/Particles/SimpleLit' not found
Refreshing native plugins compatible for Editor in 0.38 ms, found 1 plugins.
Preloading 0 native plugins for Editor in 0.00 ms.
Unloading 2566 Unused Serialized files (Serialized files now loaded: 0)
System memory in use before: 222.7 MB.
System memory in use after: 222.9 MB.

Unloading 6 unused Assets to reduce memory usage. Loaded Objects now: 3347.
Total: 2.672754 ms (FindLiveObjects: 0.374974 ms CreateObjectMapping: 0.146081 ms MarkObjects: 2.134306 ms  DeleteObjects: 0.016071 ms)

========================================================================
Received Import Request.
  Time since last request: 172.843227 seconds.
  path: Assets/Prefabs/PickUp.prefab
  artifactKey: Guid(e906db06a1eb04518b427f042c8e0dd6) Importer(815301076,1909f56bfc062723c751e8b465ee728b)
Start importing Assets/Prefabs/PickUp.prefab using Guid(e906db06a1eb04518b427f042c8e0dd6) Importer(815301076,1909f56bfc062723c751e8b465ee728b)  -> (artifact id: '1ed97f342646b274438dd5932b888460') in 0.191827 seconds
  Import took 0.196828 seconds .

========================================================================
Received Prepare
Registering precompiled user dll's ...
Registered in 0.000903 seconds.
Begin MonoManager ReloadAssembly
Native extension for WindowsStandalone target not found
Native extension for OSXStandalone target not found
Refreshing native plugins compatible for Editor in 0.38 ms, found 1 plugins.
Preloading 0 native plugins for Editor in 0.00 ms.
Invoked RoslynAnalysisRunner static constructor.
RoslynAnalysisRunner will not be running.
RoslynAnalysisRunner has terminated.
Mono: successfully reloaded assembly
- Completed reload, in  1.171 seconds
Platform modules already initialized, skipping
Shader 'Universal Render Pipeline/Particles/Lit': fallback shader 'Universal Render Pipeline/Particles/SimpleLit' not found
Refreshing native plugins compatible for Editor in 0.61 ms, found 1 plugins.
Preloading 0 native plugins for Editor in 0.00 ms.
Unloading 2566 Unused Serialized files (Serialized files now loaded: 0)
System memory in use before: 223.1 MB.
System memory in use after: 223.4 MB.

Unloading 6 unused Assets to reduce memory usage. Loaded Objects now: 3385.
Total: 2.567293 ms (FindLiveObjects: 0.309128 ms CreateObjectMapping: 0.118751 ms MarkObjects: 2.122448 ms  DeleteObjects: 0.015813 ms)

========================================================================
Received Import Request.
  Time since last request: 196.546322 seconds.
  path: Assets/Prefabs/PickUp.prefab
  artifactKey: Guid(e906db06a1eb04518b427f042c8e0dd6) Importer(815301076,1909f56bfc062723c751e8b465ee728b)
Start importing Assets/Prefabs/PickUp.prefab using Guid(e906db06a1eb04518b427f042c8e0dd6) Importer(815301076,1909f56bfc062723c751e8b465ee728b)  -> (artifact id: 'f7a8e2eacbe19b381d1711f727f56a29') in 0.194859 seconds
  Import took 0.199686 seconds .

========================================================================
Received Prepare
Registering precompiled user dll's ...
Registered in 0.000880 seconds.
Begin MonoManager ReloadAssembly
Native extension for WindowsStandalone target not found
Native extension for OSXStandalone target not found
Refreshing native plugins compatible for Editor in 0.41 ms, found 1 plugins.
Preloading 0 native plugins for Editor in 0.00 ms.
Invoked RoslynAnalysisRunner static constructor.
RoslynAnalysisRunner will not be running.
RoslynAnalysisRunner has terminated.
Mono: successfully reloaded assembly
- Completed reload, in  1.160 seconds
Platform modules already initialized, skipping
Shader 'Universal Render Pipeline/Particles/Lit': fallback shader 'Universal Render Pipeline/Particles/SimpleLit' not found
Refreshing native plugins compatible for Editor in 0.59 ms, found 1 plugins.
Preloading 0 native plugins for Editor in 0.00 ms.
Unloading 2566 Unused Serialized files (Serialized files now loaded: 0)
System memory in use before: 223.7 MB.
System memory in use after: 223.9 MB.

Unloading 6 unused Assets to reduce memory usage. Loaded Objects now: 3423.
Total: 2.866964 ms (FindLiveObjects: 0.410178 ms CreateObjectMapping: 0.192017 ms MarkObjects: 2.245042 ms  DeleteObjects: 0.017987 ms)

========================================================================
Received Import Request.
  Time since last request: 32.327475 seconds.
  path: Assets/Prefabs/PickUp.prefab
  artifactKey: Guid(e906db06a1eb04518b427f042c8e0dd6) Importer(815301076,1909f56bfc062723c751e8b465ee728b)
Start importing Assets/Prefabs/PickUp.prefab using Guid(e906db06a1eb04518b427f042c8e0dd6) Importer(815301076,1909f56bfc062723c751e8b465ee728b)  -> (artifact id: 'cac4b45574f41b370abc1e44e22656fe') in 0.191772 seconds
  Import took 0.196617 seconds .

========================================================================
Received Import Request.
  Time since last request: 27.765595 seconds.
  path: Assets/Prefabs/PickUp.prefab
  artifactKey: Guid(e906db06a1eb04518b427f042c8e0dd6) Importer(815301076,1909f56bfc062723c751e8b465ee728b)
Start importing Assets/Prefabs/PickUp.prefab using Guid(e906db06a1eb04518b427f042c8e0dd6) Importer(815301076,1909f56bfc062723c751e8b465ee728b)  -> (artifact id: '8053f88d1a6088dc999d5d9caf9a888c') in 0.009043 seconds
  Import took 0.014520 seconds .

========================================================================
Received Import Request.
  Time since last request: 0.017916 seconds.
  path: Assets/Prefabs/PickUp.prefab
  artifactKey: Guid(e906db06a1eb04518b427f042c8e0dd6) Importer(815301076,1909f56bfc062723c751e8b465ee728b)
Start importing Assets/Prefabs/PickUp.prefab using Guid(e906db06a1eb04518b427f042c8e0dd6) Importer(815301076,1909f56bfc062723c751e8b465ee728b)  -> (artifact id: '8053f88d1a6088dc999d5d9caf9a888c') in 0.028303 seconds
  Import took 0.033305 seconds .

========================================================================
Received Import Request.
  Time since last request: 1.347740 seconds.
  path: Assets/Prefabs/PickUp.prefab
  artifactKey: Guid(e906db06a1eb04518b427f042c8e0dd6) Importer(815301076,1909f56bfc062723c751e8b465ee728b)
Start importing Assets/Prefabs/PickUp.prefab using Guid(e906db06a1eb04518b427f042c8e0dd6) Importer(815301076,1909f56bfc062723c751e8b465ee728b)  -> (artifact id: '8390ed22d11de624c8126bb3bf7c6fc0') in 0.012376 seconds
  Import took 0.017213 seconds .

========================================================================
Received Import Request.
  Time since last request: 0.014974 seconds.
  path: Assets/Prefabs/PickUp.prefab
  artifactKey: Guid(e906db06a1eb04518b427f042c8e0dd6) Importer(815301076,1909f56bfc062723c751e8b465ee728b)
Start importing Assets/Prefabs/PickUp.prefab using Guid(e906db06a1eb04518b427f042c8e0dd6) Importer(815301076,1909f56bfc062723c751e8b465ee728b)  -> (artifact id: '8390ed22d11de624c8126bb3bf7c6fc0') in 0.028278 seconds
  Import took 0.032859 seconds .

========================================================================
Received Prepare
Registering precompiled user dll's ...
Registered in 0.000885 seconds.
Begin MonoManager ReloadAssembly
Native extension for WindowsStandalone target not found
Native extension for OSXStandalone target not found
Refreshing native plugins compatible for Editor in 0.44 ms, found 1 plugins.
Preloading 0 native plugins for Editor in 0.00 ms.
Invoked RoslynAnalysisRunner static constructor.
RoslynAnalysisRunner will not be running.
RoslynAnalysisRunner has terminated.
Mono: successfully reloaded assembly
- Completed reload, in  1.225 seconds
Platform modules already initialized, skipping
Shader 'Universal Render Pipeline/Particles/Lit': fallback shader 'Universal Render Pipeline/Particles/SimpleLit' not found
Refreshing native plugins compatible for Editor in 0.44 ms, found 1 plugins.
Preloading 0 native plugins for Editor in 0.00 ms.
Unloading 2566 Unused Serialized files (Serialized files now loaded: 0)
System memory in use before: 224.2 MB.
System memory in use after: 224.4 MB.

Unloading 6 unused Assets to reduce memory usage. Loaded Objects now: 3461.
Total: 2.684234 ms (FindLiveObjects: 0.387579 ms CreateObjectMapping: 0.117355 ms MarkObjects: 2.163663 ms  DeleteObjects: 0.014574 ms)

========================================================================
Received Prepare
Registering precompiled user dll's ...
Registered in 0.000830 seconds.
Begin MonoManager ReloadAssembly
Native extension for WindowsStandalone target not found
Native extension for OSXStandalone target not found
Refreshing native plugins compatible for Editor in 0.39 ms, found 1 plugins.
Preloading 0 native plugins for Editor in 0.00 ms.
Invoked RoslynAnalysisRunner static constructor.
RoslynAnalysisRunner will not be running.
RoslynAnalysisRunner has terminated.
Mono: successfully reloaded assembly
- Completed reload, in  1.143 seconds
Platform modules already initialized, skipping
Shader 'Universal Render Pipeline/Particles/Lit': fallback shader 'Universal Render Pipeline/Particles/SimpleLit' not found
Refreshing native plugins compatible for Editor in 0.41 ms, found 1 plugins.
Preloading 0 native plugins for Editor in 0.00 ms.
Unloading 2566 Unused Serialized files (Serialized files now loaded: 0)
System memory in use before: 224.4 MB.
System memory in use after: 224.7 MB.

Unloading 6 unused Assets to reduce memory usage. Loaded Objects now: 3463.
Total: 3.474769 ms (FindLiveObjects: 0.544479 ms CreateObjectMapping: 0.150709 ms MarkObjects: 2.755791 ms  DeleteObjects: 0.021383 ms)

========================================================================
Received Import Request.
  Time since last request: 504.290456 seconds.
  path: Assets/Scripts/PlayerController.cs
  artifactKey: Guid(b7af153d97bd347b886d627d5b820377) Importer(815301076,1909f56bfc062723c751e8b465ee728b)
Start importing Assets/Scripts/PlayerController.cs using Guid(b7af153d97bd347b886d627d5b820377) Importer(815301076,1909f56bfc062723c751e8b465ee728b)  -> (artifact id: '04f27916ed8497656f6cbbadc962a6b2') in 0.005338 seconds
  Import took 0.011153 seconds .

========================================================================
Received Prepare
Registering precompiled user dll's ...
Registered in 0.000791 seconds.
Begin MonoManager ReloadAssembly
Native extension for WindowsStandalone target not found
Native extension for OSXStandalone target not found
Refreshing native plugins compatible for Editor in 0.42 ms, found 1 plugins.
Preloading 0 native plugins for Editor in 0.00 ms.
Invoked RoslynAnalysisRunner static constructor.
RoslynAnalysisRunner will not be running.
RoslynAnalysisRunner has terminated.
Mono: successfully reloaded assembly
- Completed reload, in  1.119 seconds
Platform modules already initialized, skipping
Shader 'Universal Render Pipeline/Particles/Lit': fallback shader 'Universal Render Pipeline/Particles/SimpleLit' not found
Refreshing native plugins compatible for Editor in 0.42 ms, found 1 plugins.
Preloading 0 native plugins for Editor in 0.00 ms.
Unloading 2579 Unused Serialized files (Serialized files now loaded: 0)
System memory in use before: 226.4 MB.
System memory in use after: 226.1 MB.

Unloading 19 unused Assets to reduce memory usage. Loaded Objects now: 3465.
Total: 3.837555 ms (FindLiveObjects: 0.809709 ms CreateObjectMapping: 0.209133 ms MarkObjects: 2.437949 ms  DeleteObjects: 0.377959 ms)

========================================================================
Received Import Request.
  Time since last request: 297.646902 seconds.
  path: Assets/Scripts/PlayerController.cs
  artifactKey: Guid(b7af153d97bd347b886d627d5b820377) Importer(815301076,1909f56bfc062723c751e8b465ee728b)
Start importing Assets/Scripts/PlayerController.cs using Guid(b7af153d97bd347b886d627d5b820377) Importer(815301076,1909f56bfc062723c751e8b465ee728b)  -> (artifact id: 'f684dd3ecf7e788c4eeb6c66027e6042') in 0.007877 seconds
  Import took 0.013939 seconds .

========================================================================
Received Prepare
Registering precompiled user dll's ...
Registered in 0.000705 seconds.
Begin MonoManager ReloadAssembly
Native extension for WindowsStandalone target not found
Native extension for OSXStandalone target not found
Refreshing native plugins compatible for Editor in 0.50 ms, found 1 plugins.
Preloading 0 native plugins for Editor in 0.00 ms.
Invoked RoslynAnalysisRunner static constructor.
RoslynAnalysisRunner will not be running.
RoslynAnalysisRunner has terminated.
Mono: successfully reloaded assembly
- Completed reload, in  0.936 seconds
Platform modules already initialized, skipping
Shader 'Universal Render Pipeline/Particles/Lit': fallback shader 'Universal Render Pipeline/Particles/SimpleLit' not found
Refreshing native plugins compatible for Editor in 0.39 ms, found 1 plugins.
Preloading 0 native plugins for Editor in 0.00 ms.
Unloading 2579 Unused Serialized files (Serialized files now loaded: 0)
System memory in use before: 226.7 MB.
System memory in use after: 226.3 MB.

Unloading 19 unused Assets to reduce memory usage. Loaded Objects now: 3467.
Total: 3.920205 ms (FindLiveObjects: 0.542192 ms CreateObjectMapping: 0.215186 ms MarkObjects: 2.697555 ms  DeleteObjects: 0.463289 ms)

========================================================================
Received Prepare
Registering precompiled user dll's ...
Registered in 0.000797 seconds.
Begin MonoManager ReloadAssembly
Native extension for WindowsStandalone target not found
Native extension for OSXStandalone target not found
Refreshing native plugins compatible for Editor in 0.41 ms, found 1 plugins.
Preloading 0 native plugins for Editor in 0.00 ms.
Invoked RoslynAnalysisRunner static constructor.
RoslynAnalysisRunner will not be running.
RoslynAnalysisRunner has terminated.
Mono: successfully reloaded assembly
- Completed reload, in  1.120 seconds
Platform modules already initialized, skipping
Shader 'Universal Render Pipeline/Particles/Lit': fallback shader 'Universal Render Pipeline/Particles/SimpleLit' not found
Refreshing native plugins compatible for Editor in 0.42 ms, found 1 plugins.
Preloading 0 native plugins for Editor in 0.00 ms.
Unloading 2579 Unused Serialized files (Serialized files now loaded: 0)
System memory in use before: 226.9 MB.
System memory in use after: 226.6 MB.

Unloading 19 unused Assets to reduce memory usage. Loaded Objects now: 3469.
Total: 2.812360 ms (FindLiveObjects: 0.320800 ms CreateObjectMapping: 0.115823 ms MarkObjects: 2.010003 ms  DeleteObjects: 0.364885 ms)

========================================================================
Received Prepare
Registering precompiled user dll's ...
Registered in 0.000880 seconds.
Begin MonoManager ReloadAssembly
Native extension for WindowsStandalone target not found
Native extension for OSXStandalone target not found
Refreshing native plugins compatible for Editor in 0.40 ms, found 1 plugins.
Preloading 0 native plugins for Editor in 0.00 ms.
Invoked RoslynAnalysisRunner static constructor.
RoslynAnalysisRunner will not be running.
RoslynAnalysisRunner has terminated.
Mono: successfully reloaded assembly
- Completed reload, in  1.061 seconds
Platform modules already initialized, skipping
Shader 'Universal Render Pipeline/Particles/Lit': fallback shader 'Universal Render Pipeline/Particles/SimpleLit' not found
Refreshing native plugins compatible for Editor in 0.42 ms, found 1 plugins.
Preloading 0 native plugins for Editor in 0.00 ms.
Unloading 2579 Unused Serialized files (Serialized files now loaded: 0)
System memory in use before: 227.2 MB.
System memory in use after: 226.8 MB.

Unloading 19 unused Assets to reduce memory usage. Loaded Objects now: 3471.
Total: 3.420601 ms (FindLiveObjects: 0.439841 ms CreateObjectMapping: 0.210967 ms MarkObjects: 2.351420 ms  DeleteObjects: 0.416877 ms)

========================================================================
Received Prepare
Shader 'Universal Render Pipeline/Particles/Lit': fallback shader 'Universal Render Pipeline/Particles/SimpleLit' not found
Refreshing native plugins compatible for Editor in 0.88 ms, found 1 plugins.
Preloading 0 native plugins for Editor in 0.00 ms.
Unloading 16 Unused Serialized files (Serialized files now loaded: 0)
System memory in use before: 176.0 MB.
System memory in use after: 175.6 MB.

Unloading 16 unused Assets to reduce memory usage. Loaded Objects now: 3471.
Total: 2.978236 ms (FindLiveObjects: 0.392150 ms CreateObjectMapping: 0.130640 ms MarkObjects: 2.084479 ms  DeleteObjects: 0.369896 ms)

AssetImportWorkerClient::OnTransportError - code=2 error=End of file
